[0m[32mCheck[0m file:///C:/repos/greens/src/main.tsx
[0m[1mTS7006 [0m[ERROR]: Parameter 'prev' implicitly has an 'any' type.
        setActiveSwaps(prev => {
[0m[31m                       ~~~~[0m
    at [0m[36mfile:///C:/repos/greens/src/components/RecipeSelectionModal.tsx[0m:[0m[33m50[0m:[0m[33m24[0m

[0m[1mTS7006 [0m[ERROR]: Parameter 'previous' implicitly has an 'any' type.
                                            onClick={() => setSelectedRecipeId(previous => previous === s.recipe.id ? '' : s.recipe.id)}
[0m[31m                                                                               ~~~~~~~~[0m
    at [0m[36mfile:///C:/repos/greens/src/components/RecipeSelectionModal.tsx[0m:[0m[33m198[0m:[0m[33m80[0m

[0m[1mTS7006 [0m[ERROR]: Parameter 'recipe' implicitly has an 'any' type.
                                {filteredRecipes.map(recipe => (
[0m[31m                                                     ~~~~~~[0m
    at [0m[36mfile:///C:/repos/greens/src/components/RecipeSelectionModal.tsx[0m:[0m[33m219[0m:[0m[33m54[0m

[0m[1mTS7053 [0m[ERROR]: Element implicitly has an 'any' type because expression of type 'any' can't be used to index type 'Record<MealType, string>'.
    at [0m[36mfile:///C:/repos/greens/src/components/RecipeSelectionModal.tsx[0m:[0m[33m233[0m:[0m[33m86[0m

[0m[1mTS7006 [0m[ERROR]: Parameter 'swap' implicitly has an 'any' type.
                                                    {smartSwaps.map((swap, idx) => {
[0m[31m                                                                     ~~~~[0m
    at [0m[36mfile:///C:/repos/greens/src/components/RecipeSelectionModal.tsx[0m:[0m[33m279[0m:[0m[33m70[0m

[0m[1mTS7006 [0m[ERROR]: Parameter 'idx' implicitly has an 'any' type.
                                                    {smartSwaps.map((swap, idx) => {
[0m[31m                                                                           ~~~[0m
    at [0m[36mfile:///C:/repos/greens/src/components/RecipeSelectionModal.tsx[0m:[0m[33m279[0m:[0m[33m76[0m

[0m[1mTS7006 [0m[ERROR]: Parameter 'ing' implicitly has an 'any' type.
        scaledIngredients.forEach(ing => {
[0m[31m                                  ~~~[0m
    at [0m[36mfile:///C:/repos/greens/src/components/cooking/RecipeDetailModal.tsx[0m:[0m[33m120[0m:[0m[33m35[0m

[0m[1mTS7006 [0m[ERROR]: Parameter 'ing' implicitly has an 'any' type.
        const found = scaledIngredients.find(ing =>
[0m[31m                                             ~~~[0m
    at [0m[36mfile:///C:/repos/greens/src/components/cooking/RecipeDetailModal.tsx[0m:[0m[33m189[0m:[0m[33m46[0m

[0m[1mTS7006 [0m[ERROR]: Parameter 'prev' implicitly has an 'any' type.
        setCompletedSteps(prev => {
[0m[31m                          ~~~~[0m
    at [0m[36mfile:///C:/repos/greens/src/components/cooking/RecipeDetailModal.tsx[0m:[0m[33m203[0m:[0m[33m27[0m

[0m[1mTS7006 [0m[ERROR]: Parameter 'prev' implicitly has an 'any' type.
            setProteinBoost(prev => prev + 1);
[0m[31m                            ~~~~[0m
    at [0m[36mfile:///C:/repos/greens/src/components/cooking/RecipeDetailModal.tsx[0m:[0m[33m218[0m:[0m[33m29[0m

[0m[1mTS7006 [0m[ERROR]: Parameter 'ing' implicitly has an 'any' type.
                        {scaledIngredients.map((ing, idx) => {
[0m[31m                                                ~~~[0m
    at [0m[36mfile:///C:/repos/greens/src/components/cooking/RecipeDetailModal.tsx[0m:[0m[33m306[0m:[0m[33m49[0m

[0m[1mTS7006 [0m[ERROR]: Parameter 'idx' implicitly has an 'any' type.
                        {scaledIngredients.map((ing, idx) => {
[0m[31m                                                     ~~~[0m
    at [0m[36mfile:///C:/repos/greens/src/components/cooking/RecipeDetailModal.tsx[0m:[0m[33m306[0m:[0m[33m54[0m

[0m[1mTS7006 [0m[ERROR]: Parameter 'prev' implicitly has an 'any' type.
                    onClick={() => setPortions(prev => prev >= 8 ? basePortions : 8)}
[0m[31m                                               ~~~~[0m
    at [0m[36mfile:///C:/repos/greens/src/components/cooking/RecipeDetailModal.tsx[0m:[0m[33m355[0m:[0m[33m48[0m

[0m[1mTS7006 [0m[ERROR]: Parameter 'ing' implicitly has an 'any' type.
                            {scaledIngredients.map((ing, i) => {
[0m[31m                                                    ~~~[0m
    at [0m[36mfile:///C:/repos/greens/src/components/cooking/RecipeDetailModal.tsx[0m:[0m[33m410[0m:[0m[33m53[0m

[0m[1mTS7006 [0m[ERROR]: Parameter 'i' implicitly has an 'any' type.
                            {scaledIngredients.map((ing, i) => {
[0m[31m                                                         ^[0m
    at [0m[36mfile:///C:/repos/greens/src/components/cooking/RecipeDetailModal.tsx[0m:[0m[33m410[0m:[0m[33m58[0m

[0m[1mTS7006 [0m[ERROR]: Parameter 'step' implicitly has an 'any' type.
                            {steps.map((step, i) => (
[0m[31m                                        ~~~~[0m
    at [0m[36mfile:///C:/repos/greens/src/components/cooking/RecipeDetailModal.tsx[0m:[0m[33m560[0m:[0m[33m41[0m

[0m[1mTS7006 [0m[ERROR]: Parameter 'i' implicitly has an 'any' type.
                            {steps.map((step, i) => (
[0m[31m                                              ^[0m
    at [0m[36mfile:///C:/repos/greens/src/components/cooking/RecipeDetailModal.tsx[0m:[0m[33m560[0m:[0m[33m47[0m

[0m[1mTS7006 [0m[ERROR]: Parameter 'ing' implicitly has an 'any' type.
                                scaledIngredients.forEach((ing, idx) => {
[0m[31m                                                           ~~~[0m
    at [0m[36mfile:///C:/repos/greens/src/components/cooking/RecipeDetailModal.tsx[0m:[0m[33m580[0m:[0m[33m60[0m

[0m[1mTS7006 [0m[ERROR]: Parameter 'idx' implicitly has an 'any' type.
                                scaledIngredients.forEach((ing, idx) => {
[0m[31m                                                                ~~~[0m
    at [0m[36mfile:///C:/repos/greens/src/components/cooking/RecipeDetailModal.tsx[0m:[0m[33m580[0m:[0m[33m65[0m

[0m[1mTS7006 [0m[ERROR]: Parameter 'm' implicitly has an 'any' type.
                                    <button className="zen-adjust-btn" onClick={() => setManualTime(m => Math.max(1, m - 1))}>-1m</button>
[0m[31m                                                                                                    ^[0m
    at [0m[36mfile:///C:/repos/greens/src/components/cooking/ZenMode.tsx[0m:[0m[33m219[0m:[0m[33m101[0m

[0m[1mTS7006 [0m[ERROR]: Parameter 'm' implicitly has an 'any' type.
                                    <button className="zen-adjust-btn" onClick={() => setManualTime(m => Math.max(1, m - 5))}>-5m</button>
[0m[31m                                                                                                    ^[0m
    at [0m[36mfile:///C:/repos/greens/src/components/cooking/ZenMode.tsx[0m:[0m[33m220[0m:[0m[33m101[0m

[0m[1mTS7006 [0m[ERROR]: Parameter 'm' implicitly has an 'any' type.
                                    <button className="zen-adjust-btn" onClick={() => setManualTime(m => m + 5)}>+5m</button>
[0m[31m                                                                                                    ^[0m
    at [0m[36mfile:///C:/repos/greens/src/components/cooking/ZenMode.tsx[0m:[0m[33m221[0m:[0m[33m101[0m

[0m[1mTS7006 [0m[ERROR]: Parameter 'm' implicitly has an 'any' type.
                                    <button className="zen-adjust-btn" onClick={() => setManualTime(m => m + 1)}>+1m</button>
[0m[31m                                                                                                    ^[0m
    at [0m[36mfile:///C:/repos/greens/src/components/cooking/ZenMode.tsx[0m:[0m[33m222[0m:[0m[33m101[0m

[0m[1mTS2322 [0m[ERROR]: Type 'Timer | null | undefined' is not assignable to type 'Timer | null'.
  Type 'undefined' is not assignable to type 'Timer | null'.
                    timer={currentStepTimer}
[0m[31m                    ~~~~~[0m
    at [0m[36mfile:///C:/repos/greens/src/context/CookingModeProvider.tsx[0m:[0m[33m184[0m:[0m[33m21[0m

    The expected type comes from property 'timer' which is declared here on type 'IntrinsicAttributes & ZenModeProps'
        timer: Timer | null; // The specific timer for THIS step
    [0m[36m    ~~~~~[0m
        at [0m[36mfile:///C:/repos/greens/src/components/cooking/ZenMode.tsx[0m:[0m[33m20[0m:[0m[33m5[0m

[0m[1mTS7006 [0m[ERROR]: Parameter 'prev' implicitly has an 'any' type.
        setPantryItems(prev => {
[0m[31m                       ~~~~[0m
    at [0m[36mfile:///C:/repos/greens/src/context/DataContext.tsx[0m:[0m[33m120[0m:[0m[33m24[0m

[0m[1mTS7006 [0m[ERROR]: Parameter 'prev' implicitly has an 'any' type.
        setFoodItems(prev => [...prev, newItem]);
[0m[31m                     ~~~~[0m
    at [0m[36mfile:///C:/repos/greens/src/context/DataContext.tsx[0m:[0m[33m145[0m:[0m[33m22[0m

[0m[1mTS7006 [0m[ERROR]: Parameter 'prev' implicitly has an 'any' type.
        setFoodItems(prev =>
[0m[31m                     ~~~~[0m
    at [0m[36mfile:///C:/repos/greens/src/context/DataContext.tsx[0m:[0m[33m150[0m:[0m[33m22[0m

[0m[1mTS7006 [0m[ERROR]: Parameter 'item' implicitly has an 'any' type.
            prev.map(item =>
[0m[31m                     ~~~~[0m
    at [0m[36mfile:///C:/repos/greens/src/context/DataContext.tsx[0m:[0m[33m151[0m:[0m[33m22[0m

[0m[1mTS7006 [0m[ERROR]: Parameter 'prev' implicitly has an 'any' type.
        setFoodItems(prev => prev.filter(item => item.id !== id));
[0m[31m                     ~~~~[0m
    at [0m[36mfile:///C:/repos/greens/src/context/DataContext.tsx[0m:[0m[33m160[0m:[0m[33m22[0m

[0m[1mTS7006 [0m[ERROR]: Parameter 'item' implicitly has an 'any' type.
        setFoodItems(prev => prev.filter(item => item.id !== id));
[0m[31m                                         ~~~~[0m
    at [0m[36mfile:///C:/repos/greens/src/context/DataContext.tsx[0m:[0m[33m160[0m:[0m[33m42[0m

[0m[1mTS7006 [0m[ERROR]: Parameter 'item' implicitly has an 'any' type.
        return foodItems.find(item => item.id === id);
[0m[31m                              ~~~~[0m
    at [0m[36mfile:///C:/repos/greens/src/context/DataContext.tsx[0m:[0m[33m164[0m:[0m[33m31[0m

[0m[1mTS7006 [0m[ERROR]: Parameter 'prev' implicitly has an 'any' type.
        setRecipes(prev => [...prev, newRecipe]);
[0m[31m                   ~~~~[0m
    at [0m[36mfile:///C:/repos/greens/src/context/DataContext.tsx[0m:[0m[33m179[0m:[0m[33m20[0m

[0m[1mTS7006 [0m[ERROR]: Parameter 'prev' implicitly has an 'any' type.
        setRecipes(prev =>
[0m[31m                   ~~~~[0m
    at [0m[36mfile:///C:/repos/greens/src/context/DataContext.tsx[0m:[0m[33m184[0m:[0m[33m20[0m

[0m[1mTS7006 [0m[ERROR]: Parameter 'recipe' implicitly has an 'any' type.
            prev.map(recipe =>
[0m[31m                     ~~~~~~[0m
    at [0m[36mfile:///C:/repos/greens/src/context/DataContext.tsx[0m:[0m[33m185[0m:[0m[33m22[0m

[0m[1mTS7006 [0m[ERROR]: Parameter 'prev' implicitly has an 'any' type.
        setRecipes(prev => prev.filter(recipe => recipe.id !== id));
[0m[31m                   ~~~~[0m
    at [0m[36mfile:///C:/repos/greens/src/context/DataContext.tsx[0m:[0m[33m194[0m:[0m[33m20[0m

[0m[1mTS7006 [0m[ERROR]: Parameter 'recipe' implicitly has an 'any' type.
        setRecipes(prev => prev.filter(recipe => recipe.id !== id));
[0m[31m                                       ~~~~~~[0m
    at [0m[36mfile:///C:/repos/greens/src/context/DataContext.tsx[0m:[0m[33m194[0m:[0m[33m40[0m

[0m[1mTS7006 [0m[ERROR]: Parameter 'recipe' implicitly has an 'any' type.
        return recipes.find(recipe => recipe.id === id);
[0m[31m                            ~~~~~~[0m
    at [0m[36mfile:///C:/repos/greens/src/context/DataContext.tsx[0m:[0m[33m198[0m:[0m[33m29[0m

[0m[1mTS7006 [0m[ERROR]: Parameter 'f' implicitly has an 'any' type.
            const foodItem = foodItems.find(f => f.id === ingredient.foodItemId);
[0m[31m                                            ^[0m
    at [0m[36mfile:///C:/repos/greens/src/context/DataContext.tsx[0m:[0m[33m228[0m:[0m[33m45[0m

[0m[1mTS7006 [0m[ERROR]: Parameter 'r' implicitly has an 'any' type.
        const recipe = recipes.find(r => r.id === id);
[0m[31m                                    ^[0m
    at [0m[36mfile:///C:/repos/greens/src/context/DataContext.tsx[0m:[0m[33m250[0m:[0m[33m37[0m

[0m[1mTS7006 [0m[ERROR]: Parameter 'prev' implicitly has an 'any' type.
        setMealEntries(prev => [...prev, newEntry]);
[0m[31m                       ~~~~[0m
    at [0m[36mfile:///C:/repos/greens/src/context/DataContext.tsx[0m:[0m[33m279[0m:[0m[33m24[0m

[0m[1mTS7006 [0m[ERROR]: Parameter 'prev' implicitly has an 'any' type.
        setMealEntries(prev =>
[0m[31m                       ~~~~[0m
    at [0m[36mfile:///C:/repos/greens/src/context/DataContext.tsx[0m:[0m[33m284[0m:[0m[33m24[0m

[0m[1mTS7006 [0m[ERROR]: Parameter 'entry' implicitly has an 'any' type.
            prev.map(entry =>
[0m[31m                     ~~~~~[0m
    at [0m[36mfile:///C:/repos/greens/src/context/DataContext.tsx[0m:[0m[33m285[0m:[0m[33m22[0m

[0m[1mTS7006 [0m[ERROR]: Parameter 'prev' implicitly has an 'any' type.
        setMealEntries(prev => prev.filter(entry => entry.id !== id));
[0m[31m                       ~~~~[0m
    at [0m[36mfile:///C:/repos/greens/src/context/DataContext.tsx[0m:[0m[33m292[0m:[0m[33m24[0m

[0m[1mTS7006 [0m[ERROR]: Parameter 'entry' implicitly has an 'any' type.
        setMealEntries(prev => prev.filter(entry => entry.id !== id));
[0m[31m                                           ~~~~~[0m
    at [0m[36mfile:///C:/repos/greens/src/context/DataContext.tsx[0m:[0m[33m292[0m:[0m[33m44[0m

[0m[1mTS7006 [0m[ERROR]: Parameter 'entry' implicitly has an 'any' type.
        return mealEntries.filter(entry => entry.date === date);
[0m[31m                                  ~~~~~[0m
    at [0m[36mfile:///C:/repos/greens/src/context/DataContext.tsx[0m:[0m[33m296[0m:[0m[33m35[0m

[0m[1mTS7006 [0m[ERROR]: Parameter 'r' implicitly has an 'any' type.
                    const recipe = recipes.find(r => r.id === item.referenceId);
[0m[31m                                                ^[0m
    at [0m[36mfile:///C:/repos/greens/src/context/DataContext.tsx[0m:[0m[33m312[0m:[0m[33m49[0m

[0m[1mTS7006 [0m[ERROR]: Parameter 'f' implicitly has an 'any' type.
                    const foodItem = foodItems.find(f => f.id === item.referenceId);
[0m[31m                                                    ^[0m
    at [0m[36mfile:///C:/repos/greens/src/context/DataContext.tsx[0m:[0m[33m324[0m:[0m[33m53[0m

[0m[1mTS7006 [0m[ERROR]: Parameter 'p' implicitly has an 'any' type.
        return weeklyPlans.find(p => p.weekStartDate === weekStartDate);
[0m[31m                                ^[0m
    at [0m[36mfile:///C:/repos/greens/src/context/DataContext.tsx[0m:[0m[33m351[0m:[0m[33m33[0m

[0m[1mTS7006 [0m[ERROR]: Parameter 'prev' implicitly has an 'any' type.
        setWeeklyPlans(prev => {
[0m[31m                       ~~~~[0m
    at [0m[36mfile:///C:/repos/greens/src/context/DataContext.tsx[0m:[0m[33m357[0m:[0m[33m24[0m

[0m[1mTS7006 [0m[ERROR]: Parameter 'p' implicitly has an 'any' type.
            const existingIndex = prev.findIndex(p => p.weekStartDate === weekStartDate);
[0m[31m                                                 ^[0m
    at [0m[36mfile:///C:/repos/greens/src/context/DataContext.tsx[0m:[0m[33m358[0m:[0m[33m50[0m

[0m[1mTS7006 [0m[ERROR]: Parameter 'p' implicitly has an 'any' type.
        const plan = weeklyPlans.find(p => p.weekStartDate === weekStart);
[0m[31m                                      ^[0m
    at [0m[36mfile:///C:/repos/greens/src/context/DataContext.tsx[0m:[0m[33m385[0m:[0m[33m39[0m

[0m[1mTS7006 [0m[ERROR]: Parameter 'prev' implicitly has an 'any' type.
        setSettings(prev => ({ ...prev, theme }));
[0m[31m                    ~~~~[0m
    at [0m[36mfile:///C:/repos/greens/src/context/SettingsContext.tsx[0m:[0m[33m60[0m:[0m[33m21[0m

[0m[1mTS7006 [0m[ERROR]: Parameter 'prev' implicitly has an 'any' type.
        setSettings(prev => ({
[0m[31m                    ~~~~[0m
    at [0m[36mfile:///C:/repos/greens/src/context/SettingsContext.tsx[0m:[0m[33m64[0m:[0m[33m21[0m

[0m[1mTS7006 [0m[ERROR]: Parameter 'prev' implicitly has an 'any' type.
        setSettings(prev => ({ ...prev, visibleMeals: meals }));
[0m[31m                    ~~~~[0m
    at [0m[36mfile:///C:/repos/greens/src/context/SettingsContext.tsx[0m:[0m[33m71[0m:[0m[33m21[0m

[0m[1mTS7006 [0m[ERROR]: Parameter 'prev' implicitly has an 'any' type.
        setSettings(prev => {
[0m[31m                    ~~~~[0m
    at [0m[36mfile:///C:/repos/greens/src/context/SettingsContext.tsx[0m:[0m[33m75[0m:[0m[33m21[0m

[0m[1mTS7006 [0m[ERROR]: Parameter 'm' implicitly has an 'any' type.
                    ? prev.visibleMeals.filter(m => m !== meal)
[0m[31m                                               ^[0m
    at [0m[36mfile:///C:/repos/greens/src/context/SettingsContext.tsx[0m:[0m[33m80[0m:[0m[33m48[0m

[0m[1mTS7006 [0m[ERROR]: Parameter 'prev' implicitly has an 'any' type.
        setSettings(prev => ({ ...prev, ...updates }));
[0m[31m                    ~~~~[0m
    at [0m[36mfile:///C:/repos/greens/src/context/SettingsContext.tsx[0m:[0m[33m87[0m:[0m[33m21[0m

[0m[1mTS7006 [0m[ERROR]: Parameter 'ing' implicitly has an 'any' type.
    const scaledIngredients: ScaledIngredient[] = ingredients.map((ing, index) => {
[0m[31m                                                                   ~~~[0m
    at [0m[36mfile:///C:/repos/greens/src/hooks/useCookingSession.ts[0m:[0m[33m109[0m:[0m[33m68[0m

[0m[1mTS7006 [0m[ERROR]: Parameter 'index' implicitly has an 'any' type.
    const scaledIngredients: ScaledIngredient[] = ingredients.map((ing, index) => {
[0m[31m                                                                        ~~~~~[0m
    at [0m[36mfile:///C:/repos/greens/src/hooks/useCookingSession.ts[0m:[0m[33m109[0m:[0m[33m73[0m

[0m[1mTS7006 [0m[ERROR]: Parameter 'prev' implicitly has an 'any' type.
        setSession(prev => prev ? { ...prev, currentStep: index } : null);
[0m[31m                   ~~~~[0m
    at [0m[36mfile:///C:/repos/greens/src/hooks/useCookingSession.ts[0m:[0m[33m172[0m:[0m[33m20[0m

[0m[1mTS7006 [0m[ERROR]: Parameter 'prev' implicitly has an 'any' type.
        setSession(prev => prev ? { ...prev, currentStep: next } : null);
[0m[31m                   ~~~~[0m
    at [0m[36mfile:///C:/repos/greens/src/hooks/useCookingSession.ts[0m:[0m[33m178[0m:[0m[33m20[0m

[0m[1mTS7006 [0m[ERROR]: Parameter 'p' implicitly has an 'any' type.
        setSession(p => p ? { ...p, currentStep: prev } : null);
[0m[31m                   ^[0m
    at [0m[36mfile:///C:/repos/greens/src/hooks/useCookingSession.ts[0m:[0m[33m184[0m:[0m[33m20[0m

[0m[1mTS7006 [0m[ERROR]: Parameter 'prev' implicitly has an 'any' type.
        setSession(prev => {
[0m[31m                   ~~~~[0m
    at [0m[36mfile:///C:/repos/greens/src/hooks/useCookingSession.ts[0m:[0m[33m189[0m:[0m[33m20[0m

[0m[1mTS7006 [0m[ERROR]: Parameter 'i' implicitly has an 'any' type.
                ? prev.completedSteps.filter(i => i !== index)
[0m[31m                                             ^[0m
    at [0m[36mfile:///C:/repos/greens/src/hooks/useCookingSession.ts[0m:[0m[33m192[0m:[0m[33m46[0m

[0m[1mTS7006 [0m[ERROR]: Parameter 'prev' implicitly has an 'any' type.
        setSteps(prev => prev.map((step, i) =>
[0m[31m                 ~~~~[0m
    at [0m[36mfile:///C:/repos/greens/src/hooks/useCookingSession.ts[0m:[0m[33m198[0m:[0m[33m18[0m

[0m[1mTS7006 [0m[ERROR]: Parameter 'step' implicitly has an 'any' type.
        setSteps(prev => prev.map((step, i) =>
[0m[31m                                   ~~~~[0m
    at [0m[36mfile:///C:/repos/greens/src/hooks/useCookingSession.ts[0m:[0m[33m198[0m:[0m[33m36[0m

[0m[1mTS7006 [0m[ERROR]: Parameter 'i' implicitly has an 'any' type.
        setSteps(prev => prev.map((step, i) =>
[0m[31m                                         ^[0m
    at [0m[36mfile:///C:/repos/greens/src/hooks/useCookingSession.ts[0m:[0m[33m198[0m:[0m[33m42[0m

[0m[1mTS7006 [0m[ERROR]: Parameter 'prev' implicitly has an 'any' type.
        setSession(prev => prev ? { ...prev, status: 'cooking' } : null);
[0m[31m                   ~~~~[0m
    at [0m[36mfile:///C:/repos/greens/src/hooks/useCookingSession.ts[0m:[0m[33m205[0m:[0m[33m20[0m

[0m[1mTS7006 [0m[ERROR]: Parameter 'prev' implicitly has an 'any' type.
        setSession(prev => prev ? { ...prev, status: 'zen' } : null);
[0m[31m                   ~~~~[0m
    at [0m[36mfile:///C:/repos/greens/src/hooks/useCookingSession.ts[0m:[0m[33m209[0m:[0m[33m20[0m

[0m[1mTS7006 [0m[ERROR]: Parameter 'prev' implicitly has an 'any' type.
        setSession(prev => prev ? { ...prev, status: 'cooking' } : null);
[0m[31m                   ~~~~[0m
    at [0m[36mfile:///C:/repos/greens/src/hooks/useCookingSession.ts[0m:[0m[33m213[0m:[0m[33m20[0m

[0m[1mTS7006 [0m[ERROR]: Parameter 'prev' implicitly has an 'any' type.
        setSession(prev => prev ? { ...prev, portions } : null);
[0m[31m                   ~~~~[0m
    at [0m[36mfile:///C:/repos/greens/src/hooks/useCookingSession.ts[0m:[0m[33m219[0m:[0m[33m20[0m

[0m[1mTS18046 [0m[ERROR]: 'list' is of type 'unknown'.
        (acc, list) => acc + list.filter(i => !pantryItems.has(i.name.toLowerCase())).length,
[0m[31m                             ~~~~[0m
    at [0m[36mfile:///C:/repos/greens/src/hooks/useShoppingList.ts[0m:[0m[33m91[0m:[0m[33m30[0m

[0m[1mTS7006 [0m[ERROR]: Parameter 'i' implicitly has an 'any' type.
        (acc, list) => acc + list.filter(i => !pantryItems.has(i.name.toLowerCase())).length,
[0m[31m                                         ^[0m
    at [0m[36mfile:///C:/repos/greens/src/hooks/useShoppingList.ts[0m:[0m[33m91[0m:[0m[33m42[0m

[0m[1mTS18046 [0m[ERROR]: 'items' is of type 'unknown'.
            const needed = items.filter(i => !pantryItems.has(i.name.toLowerCase()));
[0m[31m                           ~~~~~[0m
    at [0m[36mfile:///C:/repos/greens/src/hooks/useShoppingList.ts[0m:[0m[33m100[0m:[0m[33m28[0m

[0m[1mTS7006 [0m[ERROR]: Parameter 'i' implicitly has an 'any' type.
            const needed = items.filter(i => !pantryItems.has(i.name.toLowerCase()));
[0m[31m                                        ^[0m
    at [0m[36mfile:///C:/repos/greens/src/hooks/useShoppingList.ts[0m:[0m[33m100[0m:[0m[33m41[0m

[0m[1mTS7006 [0m[ERROR]: Parameter 'item' implicitly has an 'any' type.
                needed.forEach(item => lines.push(`- ${item.name}`));
[0m[31m                               ~~~~[0m
    at [0m[36mfile:///C:/repos/greens/src/hooks/useShoppingList.ts[0m:[0m[33m104[0m:[0m[33m32[0m

[0m[1mTS7006 [0m[ERROR]: Parameter 'h' implicitly has an 'any' type.
                const fridayHistory = history.filter(h => h.day === 'friday');
[0m[31m                                                     ^[0m
    at [0m[36mfile:///C:/repos/greens/src/hooks/useSmartSuggestions.ts[0m:[0m[33m109[0m:[0m[33m54[0m

[0m[1mTS7006 [0m[ERROR]: Parameter 'h' implicitly has an 'any' type.
                const recipeFrequency = fridayHistory.filter(h => h.recipeId === recipe.id).length;
[0m[31m                                                             ^[0m
    at [0m[36mfile:///C:/repos/greens/src/hooks/useSmartSuggestions.ts[0m:[0m[33m110[0m:[0m[33m62[0m

[0m[1mTS7006 [0m[ERROR]: Parameter 'h' implicitly has an 'any' type.
            const recipeHistory = history.filter(h => h.recipeId === recipe.id);
[0m[31m                                                 ^[0m
    at [0m[36mfile:///C:/repos/greens/src/hooks/useSmartSuggestions.ts[0m:[0m[33m119[0m:[0m[33m50[0m

[0m[1mTS7006 [0m[ERROR]: Parameter 'h' implicitly has an 'any' type.
                ? Math.max(...recipeHistory.map(h => new Date(h.date).getTime()))
[0m[31m                                                ^[0m
    at [0m[36mfile:///C:/repos/greens/src/hooks/useSmartSuggestions.ts[0m:[0m[33m121[0m:[0m[33m49[0m

[0m[1mTS7006 [0m[ERROR]: Parameter 'prev' implicitly has an 'any' type.
            setTimers(prev => {
[0m[31m                      ~~~~[0m
    at [0m[36mfile:///C:/repos/greens/src/hooks/useTimer.ts[0m:[0m[33m89[0m:[0m[33m23[0m

[0m[1mTS7006 [0m[ERROR]: Parameter 'timer' implicitly has an 'any' type.
                const updated = prev.map(timer => {
[0m[31m                                         ~~~~~[0m
    at [0m[36mfile:///C:/repos/greens/src/hooks/useTimer.ts[0m:[0m[33m92[0m:[0m[33m42[0m

[0m[1mTS7006 [0m[ERROR]: Parameter 'prev' implicitly has an 'any' type.
        setTimers(prev => [...prev, {
[0m[31m                  ~~~~[0m
    at [0m[36mfile:///C:/repos/greens/src/hooks/useTimer.ts[0m:[0m[33m124[0m:[0m[33m19[0m

[0m[1mTS7006 [0m[ERROR]: Parameter 'prev' implicitly has an 'any' type.
        setTimers(prev => prev.map(timer =>
[0m[31m                  ~~~~[0m
    at [0m[36mfile:///C:/repos/greens/src/hooks/useTimer.ts[0m:[0m[33m138[0m:[0m[33m19[0m

[0m[1mTS7006 [0m[ERROR]: Parameter 'timer' implicitly has an 'any' type.
        setTimers(prev => prev.map(timer =>
[0m[31m                                   ~~~~~[0m
    at [0m[36mfile:///C:/repos/greens/src/hooks/useTimer.ts[0m:[0m[33m138[0m:[0m[33m36[0m

[0m[1mTS7006 [0m[ERROR]: Parameter 'prev' implicitly has an 'any' type.
        setTimers(prev => prev.map(timer =>
[0m[31m                  ~~~~[0m
    at [0m[36mfile:///C:/repos/greens/src/hooks/useTimer.ts[0m:[0m[33m145[0m:[0m[33m19[0m

[0m[1mTS7006 [0m[ERROR]: Parameter 'timer' implicitly has an 'any' type.
        setTimers(prev => prev.map(timer =>
[0m[31m                                   ~~~~~[0m
    at [0m[36mfile:///C:/repos/greens/src/hooks/useTimer.ts[0m:[0m[33m145[0m:[0m[33m36[0m

[0m[1mTS7006 [0m[ERROR]: Parameter 'prev' implicitly has an 'any' type.
        setTimers(prev => prev.map(timer =>
[0m[31m                  ~~~~[0m
    at [0m[36mfile:///C:/repos/greens/src/hooks/useTimer.ts[0m:[0m[33m152[0m:[0m[33m19[0m

[0m[1mTS7006 [0m[ERROR]: Parameter 'timer' implicitly has an 'any' type.
        setTimers(prev => prev.map(timer =>
[0m[31m                                   ~~~~~[0m
    at [0m[36mfile:///C:/repos/greens/src/hooks/useTimer.ts[0m:[0m[33m152[0m:[0m[33m36[0m

[0m[1mTS7006 [0m[ERROR]: Parameter 'prev' implicitly has an 'any' type.
        setTimers(prev => prev.filter(timer => timer.id !== id));
[0m[31m                  ~~~~[0m
    at [0m[36mfile:///C:/repos/greens/src/hooks/useTimer.ts[0m:[0m[33m163[0m:[0m[33m19[0m

[0m[1mTS7006 [0m[ERROR]: Parameter 'timer' implicitly has an 'any' type.
        setTimers(prev => prev.filter(timer => timer.id !== id));
[0m[31m                                      ~~~~~[0m
    at [0m[36mfile:///C:/repos/greens/src/hooks/useTimer.ts[0m:[0m[33m163[0m:[0m[33m39[0m

[0m[1mTS7006 [0m[ERROR]: Parameter 't' implicitly has an 'any' type.
        return timers.find(t => t.stepIndex === stepIndex);
[0m[31m                           ^[0m
    at [0m[36mfile:///C:/repos/greens/src/hooks/useTimer.ts[0m:[0m[33m168[0m:[0m[33m28[0m

[0m[1mTS7006 [0m[ERROR]: Parameter 't' implicitly has an 'any' type.
    const activeTimer = timers.find(t => t.status === 'running' || t.status === 'paused') || null;
[0m[31m                                    ^[0m
    at [0m[36mfile:///C:/repos/greens/src/hooks/useTimer.ts[0m:[0m[33m172[0m:[0m[33m37[0m

[0m[1mTS7006 [0m[ERROR]: Parameter 'entry' implicitly has an 'any' type.
        dailyEntries.forEach(entry => {
[0m[31m                             ~~~~~[0m
    at [0m[36mfile:///C:/repos/greens/src/pages/CaloriesPage.tsx[0m:[0m[33m75[0m:[0m[33m30[0m

[0m[1mTS7053 [0m[ERROR]: Element implicitly has an 'any' type because expression of type 'any' can't be used to index type 'Record<MealType, any>'.
            grouped[entry.mealType].push(entry);
[0m[31m            ~~~~~~~~~~~~~~~~~~~~~~~[0m
    at [0m[36mfile:///C:/repos/greens/src/pages/CaloriesPage.tsx[0m:[0m[33m76[0m:[0m[33m13[0m

[0m[1mTS7006 [0m[ERROR]: Parameter 'pm' implicitly has an 'any' type.
        return plannedMeals.filter(pm => {
[0m[31m                                   ~~[0m
    at [0m[36mfile:///C:/repos/greens/src/pages/CaloriesPage.tsx[0m:[0m[33m187[0m:[0m[33m36[0m

[0m[1mTS7006 [0m[ERROR]: Parameter 'entry' implicitly has an 'any' type.
            const alreadyLogged = dailyEntries.some(entry =>
[0m[31m                                                    ~~~~~[0m
    at [0m[36mfile:///C:/repos/greens/src/pages/CaloriesPage.tsx[0m:[0m[33m189[0m:[0m[33m53[0m

[0m[1mTS7006 [0m[ERROR]: Parameter 'item' implicitly has an 'any' type.
                entry.items.some(item => item.referenceId === pm.meal.recipeId)
[0m[31m                                 ~~~~[0m
    at [0m[36mfile:///C:/repos/greens/src/pages/CaloriesPage.tsx[0m:[0m[33m191[0m:[0m[33m34[0m

[0m[1mTS7006 [0m[ERROR]: Parameter 'pm' implicitly has an 'any' type.
        unloggedPlannedMeals.forEach(pm => {
[0m[31m                                     ~~[0m
    at [0m[36mfile:///C:/repos/greens/src/pages/CaloriesPage.tsx[0m:[0m[33m212[0m:[0m[33m38[0m

[0m[1mTS7006 [0m[ERROR]: Parameter 'pm' implicitly has an 'any' type.
                                {unloggedPlannedMeals.map(pm => {
[0m[31m                                                          ~~[0m
    at [0m[36mfile:///C:/repos/greens/src/pages/CaloriesPage.tsx[0m:[0m[33m279[0m:[0m[33m59[0m

[0m[1mTS7006 [0m[ERROR]: Parameter 'entry' implicitly has an 'any' type.
                            {dailyEntries.map(entry => (
[0m[31m                                              ~~~~~[0m
    at [0m[36mfile:///C:/repos/greens/src/pages/CaloriesPage.tsx[0m:[0m[33m382[0m:[0m[33m47[0m

[0m[1mTS7053 [0m[ERROR]: Element implicitly has an 'any' type because expression of type 'any' can't be used to index type 'Record<MealType, string>'.
                                            {MEAL_TYPE_LABELS[entry.mealType]}
[0m[31m                                             ~~~~~~~~~~~~~~~~~~~~~~~~~~~~~~~~[0m
    at [0m[36mfile:///C:/repos/greens/src/pages/CaloriesPage.tsx[0m:[0m[33m389[0m:[0m[33m46[0m

[0m[1mTS7006 [0m[ERROR]: Parameter 'item' implicitly has an 'any' type.
                                            {entry.items.map(item => getItemName(item)).join(', ')}
[0m[31m                                                             ~~~~[0m
    at [0m[36mfile:///C:/repos/greens/src/pages/CaloriesPage.tsx[0m:[0m[33m392[0m:[0m[33m62[0m

[0m[1mTS7006 [0m[ERROR]: Parameter 'item' implicitly has an 'any' type.
                                        {entry.items.map((item, idx) => {
[0m[31m                                                          ~~~~[0m
    at [0m[36mfile:///C:/repos/greens/src/pages/CaloriesPage.tsx[0m:[0m[33m397[0m:[0m[33m59[0m

[0m[1mTS7006 [0m[ERROR]: Parameter 'idx' implicitly has an 'any' type.
                                        {entry.items.map((item, idx) => {
[0m[31m                                                                ~~~[0m
    at [0m[36mfile:///C:/repos/greens/src/pages/CaloriesPage.tsx[0m:[0m[33m397[0m:[0m[33m65[0m

[0m[1mTS7006 [0m[ERROR]: Parameter 'it' implicitly has an 'any' type.
                                                                    items: entry.items.map((it, i) =>
[0m[31m                                                                                            ~~[0m
    at [0m[36mfile:///C:/repos/greens/src/pages/CaloriesPage.tsx[0m:[0m[33m412[0m:[0m[33m93[0m

[0m[1mTS7006 [0m[ERROR]: Parameter 'i' implicitly has an 'any' type.
                                                                    items: entry.items.map((it, i) =>
[0m[31m                                                                                                ^[0m
    at [0m[36mfile:///C:/repos/greens/src/pages/CaloriesPage.tsx[0m:[0m[33m412[0m:[0m[33m97[0m

[0m[1mTS7006 [0m[ERROR]: Parameter 'it' implicitly has an 'any' type.
                                                                    items: entry.items.map((it, i) =>
[0m[31m                                                                                            ~~[0m
    at [0m[36mfile:///C:/repos/greens/src/pages/CaloriesPage.tsx[0m:[0m[33m436[0m:[0m[33m93[0m

[0m[1mTS7006 [0m[ERROR]: Parameter 'i' implicitly has an 'any' type.
                                                                    items: entry.items.map((it, i) =>
[0m[31m                                                                                                ^[0m
    at [0m[36mfile:///C:/repos/greens/src/pages/CaloriesPage.tsx[0m:[0m[33m436[0m:[0m[33m97[0m

[0m[1mTS7006 [0m[ERROR]: Parameter 'sum' implicitly has an 'any' type.
                                                {entry.items.reduce((sum, item) => sum + getItemCalories(item), 0)} kcal
[0m[31m                                                                     ~~~[0m
    at [0m[36mfile:///C:/repos/greens/src/pages/CaloriesPage.tsx[0m:[0m[33m456[0m:[0m[33m70[0m

[0m[1mTS7006 [0m[ERROR]: Parameter 'item' implicitly has an 'any' type.
                                                {entry.items.reduce((sum, item) => sum + getItemCalories(item), 0)} kcal
[0m[31m                                                                          ~~~~[0m
    at [0m[36mfile:///C:/repos/greens/src/pages/CaloriesPage.tsx[0m:[0m[33m456[0m:[0m[33m75[0m

[0m[1mTS7006 [0m[ERROR]: Parameter 'entry' implicitly has an 'any' type.
                                    {entries.map(entry => (
[0m[31m                                                 ~~~~~[0m
    at [0m[36mfile:///C:/repos/greens/src/pages/CaloriesPage.tsx[0m:[0m[33m516[0m:[0m[33m50[0m

[0m[1mTS7006 [0m[ERROR]: Parameter 'item' implicitly has an 'any' type.
                                            {entry.items.map((item, idx) => {
[0m[31m                                                              ~~~~[0m
    at [0m[36mfile:///C:/repos/greens/src/pages/CaloriesPage.tsx[0m:[0m[33m518[0m:[0m[33m63[0m

[0m[1mTS7006 [0m[ERROR]: Parameter 'idx' implicitly has an 'any' type.
                                            {entry.items.map((item, idx) => {
[0m[31m                                                                    ~~~[0m
    at [0m[36mfile:///C:/repos/greens/src/pages/CaloriesPage.tsx[0m:[0m[33m518[0m:[0m[33m69[0m

[0m[1mTS7006 [0m[ERROR]: Parameter 'it' implicitly has an 'any' type.
                                                                        items: entry.items.map((it, i) =>
[0m[31m                                                                                                ~~[0m
    at [0m[36mfile:///C:/repos/greens/src/pages/CaloriesPage.tsx[0m:[0m[33m535[0m:[0m[33m97[0m

[0m[1mTS7006 [0m[ERROR]: Parameter 'i' implicitly has an 'any' type.
                                                                        items: entry.items.map((it, i) =>
[0m[31m                                                                                                    ^[0m
    at [0m[36mfile:///C:/repos/greens/src/pages/CaloriesPage.tsx[0m:[0m[33m535[0m:[0m[33m101[0m

[0m[1mTS7006 [0m[ERROR]: Parameter 'it' implicitly has an 'any' type.
                                                                        items: entry.items.map((it, i) =>
[0m[31m                                                                                                ~~[0m
    at [0m[36mfile:///C:/repos/greens/src/pages/CaloriesPage.tsx[0m:[0m[33m557[0m:[0m[33m97[0m

[0m[1mTS7006 [0m[ERROR]: Parameter 'i' implicitly has an 'any' type.
                                                                        items: entry.items.map((it, i) =>
[0m[31m                                                                                                    ^[0m
    at [0m[36mfile:///C:/repos/greens/src/pages/CaloriesPage.tsx[0m:[0m[33m557[0m:[0m[33m101[0m

[0m[1mTS7006 [0m[ERROR]: Parameter 'result' implicitly has an 'any' type.
                                {searchResults.map(result => (
[0m[31m                                                   ~~~~~~[0m
    at [0m[36mfile:///C:/repos/greens/src/pages/CaloriesPage.tsx[0m:[0m[33m631[0m:[0m[33m52[0m

[0m[1mTS7006 [0m[ERROR]: Parameter 'item' implicitly has an 'any' type.
                                    {ownedItems.map(item => (
[0m[31m                                                    ~~~~[0m
    at [0m[36mfile:///C:/repos/greens/src/pages/PantryPage.tsx[0m:[0m[33m148[0m:[0m[33m53[0m

[0m[1mTS7031 [0m[ERROR]: Binding element 'recipe' implicitly has an 'any' type.
                                recipeMatches.map(({ recipe, matchPercentage, missing }) => (
[0m[31m                                                     ~~~~~~[0m
    at [0m[36mfile:///C:/repos/greens/src/pages/PantryPage.tsx[0m:[0m[33m181[0m:[0m[33m54[0m

[0m[1mTS7031 [0m[ERROR]: Binding element 'matchPercentage' implicitly has an 'any' type.
                                recipeMatches.map(({ recipe, matchPercentage, missing }) => (
[0m[31m                                                             ~~~~~~~~~~~~~~~[0m
    at [0m[36mfile:///C:/repos/greens/src/pages/PantryPage.tsx[0m:[0m[33m181[0m:[0m[33m62[0m

[0m[1mTS7031 [0m[ERROR]: Binding element 'missing' implicitly has an 'any' type.
                                recipeMatches.map(({ recipe, matchPercentage, missing }) => (
[0m[31m                                                                              ~~~~~~~[0m
    at [0m[36mfile:///C:/repos/greens/src/pages/PantryPage.tsx[0m:[0m[33m181[0m:[0m[33m79[0m

[0m[1mTS2741 [0m[ERROR]: Property 'beverage' is missing in type '{ breakfast: string[]; lunch: string[]; dinner: string[]; snack: string[]; }' but required in type 'Record<MealType, string[]>'.
const MEAL_CATEGORIES: Record<MealType, string[]> = {
[0m[31m      ~~~~~~~~~~~~~~~[0m
    at [0m[36mfile:///C:/repos/greens/src/pages/PlanningPage.tsx[0m:[0m[33m40[0m:[0m[33m7[0m

[0m[1mTS7006 [0m[ERROR]: Parameter 'h' implicitly has an 'any' type.
                const fridayHistory = history.filter(h => h.day === 'friday');
[0m[31m                                                     ^[0m
    at [0m[36mfile:///C:/repos/greens/src/pages/PlanningPage.tsx[0m:[0m[33m181[0m:[0m[33m54[0m

[0m[1mTS7006 [0m[ERROR]: Parameter 'h' implicitly has an 'any' type.
                const recipeFrequency = fridayHistory.filter(h => h.recipeId === recipe.id).length;
[0m[31m                                                             ^[0m
    at [0m[36mfile:///C:/repos/greens/src/pages/PlanningPage.tsx[0m:[0m[33m182[0m:[0m[33m62[0m

[0m[1mTS7006 [0m[ERROR]: Parameter 'h' implicitly has an 'any' type.
            const recipeHistory = history.filter(h => h.recipeId === recipe.id);
[0m[31m                                                 ^[0m
    at [0m[36mfile:///C:/repos/greens/src/pages/PlanningPage.tsx[0m:[0m[33m191[0m:[0m[33m50[0m

[0m[1mTS7006 [0m[ERROR]: Parameter 'h' implicitly has an 'any' type.
                ? Math.max(...recipeHistory.map(h => new Date(h.date).getTime()))
[0m[31m                                                ^[0m
    at [0m[36mfile:///C:/repos/greens/src/pages/PlanningPage.tsx[0m:[0m[33m193[0m:[0m[33m49[0m

[0m[1mTS7053 [0m[ERROR]: Element implicitly has an 'any' type because expression of type 'any' can't be used to index type 'Record<Weekday, string>'.
                            {WEEKDAY_LABELS[selectedSlot.day]} - {MEAL_TYPE_LABELS[selectedSlot.meal]}
[0m[31m                             ~~~~~~~~~~~~~~~~~~~~~~~~~~~~~~~~[0m
    at [0m[36mfile:///C:/repos/greens/src/pages/PlanningPage.tsx[0m:[0m[33m377[0m:[0m[33m30[0m

[0m[1mTS7053 [0m[ERROR]: Element implicitly has an 'any' type because expression of type 'any' can't be used to index type 'Record<MealType, string>'.
                            {WEEKDAY_LABELS[selectedSlot.day]} - {MEAL_TYPE_LABELS[selectedSlot.meal]}
[0m[31m                                                                  ~~~~~~~~~~~~~~~~~~~~~~~~~~~~~~~~~~~[0m
    at [0m[36mfile:///C:/repos/greens/src/pages/PlanningPage.tsx[0m:[0m[33m377[0m:[0m[33m67[0m

[0m[1mTS7031 [0m[ERROR]: Binding element 'recipe' implicitly has an 'any' type.
                                {suggestions.map(({ recipe, reasons, tags }) => (
[0m[31m                                                    ~~~~~~[0m
    at [0m[36mfile:///C:/repos/greens/src/pages/PlanningPage.tsx[0m:[0m[33m396[0m:[0m[33m53[0m

[0m[1mTS7031 [0m[ERROR]: Binding element 'reasons' implicitly has an 'any' type.
                                {suggestions.map(({ recipe, reasons, tags }) => (
[0m[31m                                                            ~~~~~~~[0m
    at [0m[36mfile:///C:/repos/greens/src/pages/PlanningPage.tsx[0m:[0m[33m396[0m:[0m[33m61[0m

[0m[1mTS7031 [0m[ERROR]: Binding element 'tags' implicitly has an 'any' type.
                                {suggestions.map(({ recipe, reasons, tags }) => (
[0m[31m                                                                     ~~~~[0m
    at [0m[36mfile:///C:/repos/greens/src/pages/PlanningPage.tsx[0m:[0m[33m396[0m:[0m[33m70[0m

[0m[1mTS7006 [0m[ERROR]: Parameter 'reason' implicitly has an 'any' type.
                                            {reasons.slice(0, 2).map((reason, i) => (
[0m[31m                                                                      ~~~~~~[0m
    at [0m[36mfile:///C:/repos/greens/src/pages/PlanningPage.tsx[0m:[0m[33m404[0m:[0m[33m71[0m

[0m[1mTS7006 [0m[ERROR]: Parameter 'i' implicitly has an 'any' type.
                                            {reasons.slice(0, 2).map((reason, i) => (
[0m[31m                                                                              ^[0m
    at [0m[36mfile:///C:/repos/greens/src/pages/PlanningPage.tsx[0m:[0m[33m404[0m:[0m[33m79[0m

[0m[1mTS7006 [0m[ERROR]: Parameter 'recipe' implicitly has an 'any' type.
                            {filteredRecipes.map(recipe => (
[0m[31m                                                 ~~~~~~[0m
    at [0m[36mfile:///C:/repos/greens/src/pages/PlanningPage.tsx[0m:[0m[33m418[0m:[0m[33m50[0m

[0m[1mTS7006 [0m[ERROR]: Parameter 'line' implicitly has an 'any' type.
            instructions: formData.instructionsText.split('\n').filter(line => line.trim()),
[0m[31m                                                                       ~~~~[0m
    at [0m[36mfile:///C:/repos/greens/src/pages/RecipesPage.tsx[0m:[0m[33m92[0m:[0m[33m72[0m

[0m[1mTS2724 [0m[ERROR]: '"file:///C:/repos/greens/src/models/types.ts"' has no exported member named 'WeekPlan'. Did you mean 'WeeklyPlan'?
    type WeekPlan,
[0m[31m         ~~~~~~~~[0m
    at [0m[36mfile:///C:/repos/greens/src/pages/WeeklyPage.tsx[0m:[0m[33m7[0m:[0m[33m10[0m

[0m[1mTS2554 [0m[ERROR]: Expected 2 arguments, but got 1.
            saveWeeklyPlan({
[0m[31m            ~~~~~~~~~~~~~~[0m
    at [0m[36mfile:///C:/repos/greens/src/pages/WeeklyPage.tsx[0m:[0m[33m63[0m:[0m[33m13[0m

    An argument for 'meals' was not provided.
        saveWeeklyPlan: (weekStartDate: string, meals: WeeklyPlan['meals']) => void;
    [0m[36m                                            ~~~~~~~~~~~~~~~~~~~~~~~~~~[0m
        at [0m[36mfile:///C:/repos/greens/src/context/DataContext.tsx[0m:[0m[33m62[0m:[0m[33m45[0m

[0m[1mTS2345 [0m[ERROR]: Argument of type 'string[]' is not assignable to parameter of type 'Set<string>'.
  Type 'string[]' is missing the following properties from type 'Set<string>': add, clear, delete, has, and 2 more.
        pantryItems,
[0m[31m        ~~~~~~~~~~~[0m
    at [0m[36mfile:///C:/repos/greens/src/pages/WeeklyPage.tsx[0m:[0m[33m79[0m:[0m[33m9[0m

[0m[1mTS7006 [0m[ERROR]: Parameter 'prev' implicitly has an 'any' type.
            setWeekPlan(prev => {
[0m[31m                        ~~~~[0m
    at [0m[36mfile:///C:/repos/greens/src/pages/WeeklyPage.tsx[0m:[0m[33m102[0m:[0m[33m25[0m

[0m[1mTS7006 [0m[ERROR]: Parameter 'prev' implicitly has an 'any' type.
        setWeekPlan(prev => {
[0m[31m                    ~~~~[0m
    at [0m[36mfile:///C:/repos/greens/src/pages/WeeklyPage.tsx[0m:[0m[33m131[0m:[0m[33m21[0m

[0m[1mTS7006 [0m[ERROR]: Parameter 'prev' implicitly has an 'any' type.
        setWeekPlan(prev => {
[0m[31m                    ~~~~[0m
    at [0m[36mfile:///C:/repos/greens/src/pages/WeeklyPage.tsx[0m:[0m[33m148[0m:[0m[33m21[0m

[0m[1mTS2740 [0m[ERROR]: Type 'string[]' is missing the following properties from type 'Set<string>': add, clear, delete, has, and 2 more.
                pantryItems={pantryItems}
[0m[31m                ~~~~~~~~~~~[0m
    at [0m[36mfile:///C:/repos/greens/src/pages/WeeklyPage.tsx[0m:[0m[33m207[0m:[0m[33m17[0m

    The expected type comes from property 'pantryItems' which is declared here on type 'IntrinsicAttributes & ShoppingListViewProps'
        pantryItems: Set<string>;
    [0m[36m    ~~~~~~~~~~~[0m
        at [0m[36mfile:///C:/repos/greens/src/components/ShoppingListView.tsx[0m:[0m[33m6[0m:[0m[33m5[0m

[0m[1mTS2322 [0m[ERROR]: Type 'unknown' is not assignable to type 'number'.
                totalItems={totalItems}
[0m[31m                ~~~~~~~~~~[0m
    at [0m[36mfile:///C:/repos/greens/src/pages/WeeklyPage.tsx[0m:[0m[33m209[0m:[0m[33m17[0m

    The expected type comes from property 'totalItems' which is declared here on type 'IntrinsicAttributes & ShoppingListViewProps'
        totalItems: number;
    [0m[36m    ~~~~~~~~~~[0m
        at [0m[36mfile:///C:/repos/greens/src/components/ShoppingListView.tsx[0m:[0m[33m8[0m:[0m[33m5[0m

[0m[1mTS7006 [0m[ERROR]: Parameter 's' implicitly has an 'any' type.
                                                        {suggestions.slice(0, 2).map((s) => (
[0m[31m                                                                                      ^[0m
    at [0m[36mfile:///C:/repos/greens/src/pages/WeeklyPage.tsx[0m:[0m[33m298[0m:[0m[33m87[0m

Found 146 errors.

[0m[1m[31merror[0m: Type checking failed.
