[0m[32mDownload[0m https://registry.npmjs.org/recharts/-/recharts-2.15.4.tgz
[0m[32mDownload[0m https://registry.npmjs.org/lucide-react/-/lucide-react-0.469.0.tgz
[0m[32mDownload[0m https://registry.npmjs.org/eventemitter3/-/eventemitter3-4.0.7.tgz
[0m[32mDownload[0m https://registry.npmjs.org/lodash/-/lodash-4.17.21.tgz
[0m[32mDownload[0m https://registry.npmjs.org/react-is/-/react-is-18.3.1.tgz
[0m[32mDownload[0m https://registry.npmjs.org/tiny-invariant/-/tiny-invariant-1.3.3.tgz
[0m[32mDownload[0m https://registry.npmjs.org/recharts-scale/-/recharts-scale-0.4.5.tgz
[0m[32mDownload[0m https://registry.npmjs.org/victory-vendor/-/victory-vendor-36.9.2.tgz
[0m[32mDownload[0m https://registry.npmjs.org/clsx/-/clsx-2.1.1.tgz
[0m[32mDownload[0m https://registry.npmjs.org/react-smooth/-/react-smooth-4.0.4.tgz
[0m[32mDownload[0m https://registry.npmjs.org/@esbuild/linux-x64/-/linux-x64-0.25.12.tgz
[0m[32mDownload[0m https://registry.npmjs.org/@rollup/rollup-linux-x64-musl/-/rollup-linux-x64-musl-4.53.3.tgz
[0m[32mDownload[0m https://registry.npmjs.org/@rollup/rollup-linux-x64-gnu/-/rollup-linux-x64-gnu-4.53.3.tgz
[0m[32mDownload[0m https://registry.npmjs.org/decimal.js-light/-/decimal.js-light-2.5.1.tgz
[0m[32mDownload[0m https://registry.npmjs.org/d3-timer/-/d3-timer-3.0.1.tgz
[0m[32mDownload[0m https://registry.npmjs.org/@types/d3-shape/-/d3-shape-3.1.7.tgz
[0m[32mDownload[0m https://registry.npmjs.org/d3-array/-/d3-array-3.2.4.tgz
[0m[32mDownload[0m https://registry.npmjs.org/d3-scale/-/d3-scale-4.0.2.tgz
[0m[32mDownload[0m https://registry.npmjs.org/d3-interpolate/-/d3-interpolate-3.0.1.tgz
[0m[32mDownload[0m https://registry.npmjs.org/d3-time/-/d3-time-3.1.0.tgz
[0m[32mDownload[0m https://registry.npmjs.org/d3-ease/-/d3-ease-3.0.1.tgz
[0m[32mDownload[0m https://registry.npmjs.org/d3-shape/-/d3-shape-3.2.0.tgz
[0m[32mDownload[0m https://registry.npmjs.org/@types/d3-interpolate/-/d3-interpolate-3.0.4.tgz
[0m[32mDownload[0m https://registry.npmjs.org/@types/d3-time/-/d3-time-3.0.4.tgz
[0m[32mDownload[0m https://registry.npmjs.org/@types/d3-ease/-/d3-ease-3.0.2.tgz
[0m[32mDownload[0m https://registry.npmjs.org/@types/d3-scale/-/d3-scale-4.0.9.tgz
[0m[32mDownload[0m https://registry.npmjs.org/@types/d3-timer/-/d3-timer-3.0.2.tgz
[0m[32mDownload[0m https://registry.npmjs.org/@types/d3-array/-/d3-array-3.2.2.tgz
[0m[32mDownload[0m https://registry.npmjs.org/prop-types/-/prop-types-15.8.1.tgz
[0m[32mDownload[0m https://registry.npmjs.org/react-transition-group/-/react-transition-group-4.4.5.tgz
[0m[32mDownload[0m https://registry.npmjs.org/fast-equals/-/fast-equals-5.4.0.tgz
[0m[32mDownload[0m https://registry.npmjs.org/@esbuild/linux-x64/-/linux-x64-0.21.5.tgz
[0m[32mDownload[0m https://registry.npmjs.org/@types/d3-path/-/d3-path-3.1.1.tgz
[0m[32mDownload[0m https://registry.npmjs.org/internmap/-/internmap-2.0.3.tgz
[0m[32mDownload[0m https://registry.npmjs.org/d3-format/-/d3-format-3.1.0.tgz
[0m[32mDownload[0m https://registry.npmjs.org/d3-time-format/-/d3-time-format-4.1.0.tgz
[0m[32mDownload[0m https://registry.npmjs.org/d3-color/-/d3-color-3.1.0.tgz
[0m[32mDownload[0m https://registry.npmjs.org/d3-path/-/d3-path-3.1.0.tgz
[0m[32mDownload[0m https://registry.npmjs.org/@types/d3-color/-/d3-color-3.1.3.tgz
[0m[32mDownload[0m https://registry.npmjs.org/react-is/-/react-is-16.13.1.tgz
[0m[32mDownload[0m https://registry.npmjs.org/dom-helpers/-/dom-helpers-5.2.1.tgz
[0m[32mDownload[0m https://registry.npmjs.org/@babel/runtime/-/runtime-7.28.4.tgz
[0m[32mInitialize[0m clsx@2.1.1
[0m[32mInitialize[0m d3-scale@4.0.2
[0m[32mInitialize[0m eventemitter3@4.0.7
[0m[32mInitialize[0m react-is@18.3.1
[0m[32mInitialize[0m tiny-invariant@1.3.3
[0m[32mInitialize[0m fast-equals@5.4.0
[0m[32mInitialize[0m react-transition-group@4.4.5
[0m[32mInitialize[0m recharts-scale@0.4.5
[0m[32mInitialize[0m react-smooth@4.0.4
[0m[32mInitialize[0m d3-timer@3.0.1
[0m[32mInitialize[0m @types/d3-shape@3.1.7
[0m[32mInitialize[0m decimal.js-light@2.5.1
[0m[32mInitialize[0m d3-ease@3.0.1
[0m[32mInitialize[0m @types/d3-interpolate@3.0.4
[0m[32mInitialize[0m @types/d3-time@3.0.4
[0m[32mInitialize[0m @types/d3-scale@4.0.9
[0m[32mInitialize[0m @types/d3-ease@3.0.2
[0m[32mInitialize[0m d3-time@3.1.0
[0m[32mInitialize[0m @types/d3-timer@3.0.2
[0m[32mInitialize[0m d3-interpolate@3.0.1
[0m[32mInitialize[0m @types/d3-array@3.2.2
[0m[32mInitialize[0m @types/d3-path@3.1.1
[0m[32mInitialize[0m @types/d3-color@3.1.3
[0m[32mInitialize[0m internmap@2.0.3
[0m[32mInitialize[0m d3-path@3.1.0
[0m[32mInitialize[0m d3-color@3.1.0
[0m[32mInitialize[0m d3-array@3.2.4
[0m[32mInitialize[0m d3-time-format@4.1.0
[0m[32mInitialize[0m react-is@16.13.1
[0m[32mInitialize[0m prop-types@15.8.1
[0m[32mInitialize[0m d3-shape@3.2.0
[0m[32mInitialize[0m d3-format@3.1.0
[0m[32mInitialize[0m victory-vendor@36.9.2
[0m[32mInitialize[0m @babel/runtime@7.28.4
[0m[32mInitialize[0m dom-helpers@5.2.1
[0m[32mInitialize[0m @rollup/rollup-linux-x64-gnu@4.53.3
[0m[32mInitialize[0m @rollup/rollup-linux-x64-musl@4.53.3
[0m[32mInitialize[0m lodash@4.17.21
[0m[32mInitialize[0m recharts@2.15.4
[0m[32mInitialize[0m @esbuild/linux-x64@0.21.5
[0m[32mInitialize[0m @esbuild/linux-x64@0.25.12
[0m[32mInitialize[0m lucide-react@0.469.0
[0m[32mTask[0m [0m[36mserver[0m deno run -A --unstable-kv --watch --env src/api/main.ts
[0m[38;5;12mWatcher[0m Process started.
[0m[32mDownload[0m https://deno.land/std@0.224.0/http/server.ts
[0m[32mDownload[0m https://jsr.io/@std/csv/meta.json
[0m[32mDownload[0m https://deno.land/std@0.224.0/async/delay.ts
[0m[32mDownload[0m https://jsr.io/@std/csv/1.0.6_meta.json
[0m[32mDownload[0m https://jsr.io/@std/streams/meta.json
[0m[32mDownload[0m https://jsr.io/@std/streams/1.0.14_meta.json
[0m[32mDownload[0m https://jsr.io/@std/csv/1.0.6/mod.ts
[0m[32mDownload[0m https://jsr.io/@std/csv/1.0.6/parse.ts
[0m[32mDownload[0m https://jsr.io/@std/csv/1.0.6/parse_stream.ts
[0m[32mDownload[0m https://jsr.io/@std/csv/1.0.6/stringify.ts
[0m[32mDownload[0m https://jsr.io/@std/csv/1.0.6/stringify_stream.ts
[0m[32mDownload[0m https://jsr.io/@std/csv/1.0.6/_io.ts
[0m[32mDownload[0m https://jsr.io/@std/csv/1.0.6/_shared.ts
[0m[32mDownload[0m https://jsr.io/@std/streams/1.0.14/text_delimiter_stream.ts
[0m[32mDownload[0m https://jsr.io/@std/streams/1.0.14/_common.ts
[0m[1m[31merror[0m: Module not found "file:///app/src/api/handlers/statistics.ts".
    at [0m[36mfile:///app/src/api/router.ts[0m:[0m[33m12[0m:[0m[33m41[0m
[0m[38;5;12mWatcher[0m Process failed. Restarting on file change...
